<?xml version="1.0" encoding="UTF-8"?>
<!-- Generated by org.testng.reporters.JUnitXMLReporter -->
<testsuite ignored="0" hostname="Y9-TOM-7TH" failures="1" tests="1" name="Rough" time="0.395" errors="0" timestamp="21 Aug 2019 16:49:46 GMT">
  <testcase classname="testCases.Rough" name="test" time="0.0">
    <failure type="java.lang.AssertionError" message="expected [greem] but found [apple]">
      <![CDATA[java.lang.AssertionError: expected [greem] but found [apple]
at testCases.Rough.test(Rough.java:12)
... Removed 30 stack frames]]>
    </failure>
  </testcase> <!-- test -->
</testsuite> <!-- Rough -->
