<?xml version="1.0" encoding="UTF-8"?>
<!-- Generated by org.testng.reporters.JUnitXMLReporter -->
<testsuite ignored="0" hostname="Y9-TOM-7TH" failures="1" tests="1" name="SeachingFlightsFromModifySearchPage" time="14.167" errors="0" timestamp="21 Aug 2019 16:49:46 GMT">
  <testcase classname="testCases.SeachingFlightsFromModifySearchPageTc" name="searchFlight" time="11.435">
    <failure type="java.lang.AssertionError" message="expected [JF] but found [JFK]">
      <![CDATA[java.lang.AssertionError: expected [JF] but found [JFK]
at testCases.SeachingFlightsFromModifySearchPageTc.searchFlight(SeachingFlightsFromModifySearchPageTc.java:38)
... Removed 30 stack frames]]>
    </failure>
  </testcase> <!-- searchFlight -->
</testsuite> <!-- SeachingFlightsFromModifySearchPage -->
