<?xml version="1.0" encoding="UTF-8"?>
<testsuite name="TestSuite" time="52.532" tests="9" errors="0" skipped="0" failures="1">
  <properties>
    <property name="java.runtime.name" value="Java(TM) SE Runtime Environment"/>
    <property name="java.vm.version" value="11.0.4+10-LTS"/>
    <property name="sun.boot.library.path" value="C:\Program Files\Java\jdk-11.0.4\bin"/>
    <property name="maven.multiModuleProjectDirectory" value="C:/Users/XPO8584/IdeaProjects/Travelomind"/>
    <property name="java.vm.vendor" value="Oracle Corporation"/>
    <property name="java.vendor.url" value="http://java.oracle.com/"/>
    <property name="guice.disable.misplaced.annotation.check" value="true"/>
    <property name="path.separator" value=";"/>
    <property name="java.vm.name" value="Java HotSpot(TM) 64-Bit Server VM"/>
    <property name="sun.os.patch.level" value=""/>
    <property name="user.script" value=""/>
    <property name="user.country" value="US"/>
    <property name="sun.java.launcher" value="SUN_STANDARD"/>
    <property name="java.vm.specification.name" value="Java Virtual Machine Specification"/>
    <property name="user.dir" value="C:\Users\XPO8584\IdeaProjects\Travelomind"/>
    <property name="java.vm.compressedOopsMode" value="32-bit"/>
    <property name="java.runtime.version" value="11.0.4+10-LTS"/>
    <property name="java.awt.graphicsenv" value="sun.awt.Win32GraphicsEnvironment"/>
    <property name="os.arch" value="amd64"/>
    <property name="java.io.tmpdir" value="C:\Users\XPO8584\AppData\Local\Temp\"/>
    <property name="line.separator" value="&#10;"/>
    <property name="java.vm.specification.vendor" value="Oracle Corporation"/>
    <property name="user.variant" value=""/>
    <property name="os.name" value="Windows 10"/>
    <property name="classworlds.conf" value="C:/Users/XPO8584/Downloads/apache-maven-3.6.1-bin/apache-maven-3.6.1/bin/m2.conf"/>
    <property name="sun.jnu.encoding" value="Cp1252"/>
    <property name="java.library.path" value="C:\Program Files\Java\jdk-11.0.4\bin;C:\Windows\Sun\Java\bin;C:\Windows\system32;C:\Windows;C:\Users\XPO8584\bin;C:\Users\XPO8584\AppData\Local\Programs\Git\mingw64\bin;C:\Users\XPO8584\AppData\Local\Programs\Git\usr\local\bin;C:\Users\XPO8584\AppData\Local\Programs\Git\usr\bin;C:\Users\XPO8584\AppData\Local\Programs\Git\usr\bin;C:\Users\XPO8584\AppData\Local\Programs\Git\mingw64\bin;C:\Users\XPO8584\AppData\Local\Programs\Git\usr\bin;C:\Users\XPO8584\bin;C:\Windows\system32;C:\Windows;C:\Windows\System32\Wbem;C:\Windows\System32\WindowsPowerShell\v1.0;C:\Windows\System32\OpenSSH;C:\Program Files\Java\jdk-11.0.4\bin;C:\Users\XPO8584\Downloads\apache-maven-3.6.1-bin\apache-maven-3.6.1\bin;C:\Users\XPO8584\AppData\Local\Microsoft\WindowsApps;C:\Users\XPO8584\AppData\Local\Programs\Git\cmd;C:\Users\XPO8584\AppData\Local\Programs\Git\usr\bin\vendor_perl;C:\Users\XPO8584\AppData\Local\Programs\Git\usr\bin\core_perl;."/>
    <property name="maven.conf" value="C:/Users/XPO8584/Downloads/apache-maven-3.6.1-bin/apache-maven-3.6.1/conf"/>
    <property name="jdk.debug" value="release"/>
    <property name="java.class.version" value="55.0"/>
    <property name="java.specification.name" value="Java Platform API Specification"/>
    <property name="sun.management.compiler" value="HotSpot 64-Bit Tiered Compilers"/>
    <property name="os.version" value="10.0"/>
    <property name="library.jansi.path" value="C:/Users/XPO8584/Downloads/apache-maven-3.6.1-bin/apache-maven-3.6.1/lib/jansi-native"/>
    <property name="user.home" value="C:\Users\XPO8584"/>
    <property name="user.timezone" value="Asia/Calcutta"/>
    <property name="java.awt.printerjob" value="sun.awt.windows.WPrinterJob"/>
    <property name="file.encoding" value="Cp1252"/>
    <property name="java.specification.version" value="11"/>
    <property name="user.name" value="XPO8584"/>
    <property name="java.class.path" value="C:/Users/XPO8584/Downloads/apache-maven-3.6.1-bin/apache-maven-3.6.1/boot/plexus-classworlds-2.6.0.jar"/>
    <property name="java.vm.specification.version" value="11"/>
    <property name="sun.arch.data.model" value="64"/>
    <property name="sun.java.command" value="org.codehaus.plexus.classworlds.launcher.Launcher test"/>
    <property name="java.home" value="C:\Program Files\Java\jdk-11.0.4"/>
    <property name="user.language" value="en"/>
    <property name="java.specification.vendor" value="Oracle Corporation"/>
    <property name="awt.toolkit" value="sun.awt.windows.WToolkit"/>
    <property name="java.vm.info" value="mixed mode"/>
    <property name="java.version" value="11.0.4"/>
    <property name="java.vendor" value="Oracle Corporation"/>
    <property name="maven.home" value="C:\Users\XPO8584\Downloads\apache-maven-3.6.1-bin\apache-maven-3.6.1"/>
    <property name="file.separator" value="\"/>
    <property name="java.version.date" value="2019-07-16"/>
    <property name="java.vendor.url.bug" value="http://bugreport.java.com/bugreport/"/>
    <property name="sun.io.unicode.encoding" value="UnicodeLittle"/>
    <property name="sun.cpu.endian" value="little"/>
    <property name="java.vendor.version" value="18.9"/>
    <property name="sun.desktop" value="windows"/>
    <property name="sun.cpu.isalist" value="amd64"/>
  </properties>
  <testcase name="bookFlight" classname="testCases.BookFlight" time="4.499"/>
  <testcase name="getCountryList" classname="testCases.BillingDetail" time="0.214"/>
  <testcase name="showAllFlights" classname="testCases.ShowAllFlights" time="0.492"/>
  <testcase name="getButtonDetails" classname="testCases.ButtonsInModifySearchPageTC" time="10.716"/>
  <testcase name="executeVocTc" classname="testCases.VoiceOfCustomerTC" time="2.242"/>
  <testcase name="filterSearch" classname="testCases.FilteringSearchResultsTC" time="5.978"/>
  <testcase name="displaylink" classname="testCases.HomePageLinksTC" time="1.658"/>
  <testcase name="searchFlight" classname="testCases.SeachingFlightsFromModifySearchPageTc" time="7.642">
    <failure message="expected [JFK] but found [NYC]" type="java.lang.AssertionError">java.lang.AssertionError: expected [JFK] but found [NYC]
	at org.testng.Assert.fail(Assert.java:96)
	at org.testng.Assert.failNotEquals(Assert.java:776)
	at org.testng.Assert.assertEqualsImpl(Assert.java:137)
	at org.testng.Assert.assertEquals(Assert.java:118)
	at org.testng.Assert.assertEquals(Assert.java:453)
	at org.testng.Assert.assertEquals(Assert.java:463)
	at testCases.SeachingFlightsFromModifySearchPageTc.searchFlight(SeachingFlightsFromModifySearchPageTc.java:39)
</failure>
    <system-out>2
6
Origin Airport is selected
</system-out>
  </testcase>
  <testcase name="SearchOneWayFlight" classname="testCases.SearchResultForOneWayTrip" time="19.091"/>
</testsuite>