-------------------------------------------------------------------------------
Test set: TestSuite
-------------------------------------------------------------------------------
Tests run: 9, Failures: 1, Errors: 0, Skipped: 0, Time elapsed: 112.232 sec <<< FAILURE!
searchFlight(testCases.SeachingFlightsFromModifySearchPageTc)  Time elapsed: 7.642 sec  <<< FAILURE!
java.lang.AssertionError: expected [JFK] but found [NYC]
	at org.testng.Assert.fail(Assert.java:96)
	at org.testng.Assert.failNotEquals(Assert.java:776)
	at org.testng.Assert.assertEqualsImpl(Assert.java:137)
	at org.testng.Assert.assertEquals(Assert.java:118)
	at org.testng.Assert.assertEquals(Assert.java:453)
	at org.testng.Assert.assertEquals(Assert.java:463)
	at testCases.SeachingFlightsFromModifySearchPageTc.searchFlight(SeachingFlightsFromModifySearchPageTc.java:39)

