<?xml version="1.0" encoding="UTF-8"?>
<testng-results ignored="0" total="9" passed="8" failed="1" skipped="0">
  <reporter-output>
    <line>
      <![CDATA[*** Test Suite BookFlight started ***]]>
    </line>
    <line>
      <![CDATA[*** Test Suite BookFlight started ***]]>
    </line>
    <line>
      <![CDATA[*** Running test method bookFlight...]]>
    </line>
    <line>
      <![CDATA[*** Running test method bookFlight...]]>
    </line>
    <line>
      <![CDATA[*** Test Suite BookFlight ending ***]]>
    </line>
    <line>
      <![CDATA[*** Test Suite BookFlight ending ***]]>
    </line>
    <line>
      <![CDATA[*** Test Suite BillingDetail started ***]]>
    </line>
    <line>
      <![CDATA[*** Test Suite BillingDetail started ***]]>
    </line>
    <line>
      <![CDATA[*** Running test method getCountryList...]]>
    </line>
    <line>
      <![CDATA[*** Running test method getCountryList...]]>
    </line>
    <line>
      <![CDATA[*** Test Suite BillingDetail ending ***]]>
    </line>
    <line>
      <![CDATA[*** Test Suite BillingDetail ending ***]]>
    </line>
    <line>
      <![CDATA[*** Test Suite ShowAllFlight started ***]]>
    </line>
    <line>
      <![CDATA[*** Test Suite ShowAllFlight started ***]]>
    </line>
    <line>
      <![CDATA[*** Running test method showAllFlights...]]>
    </line>
    <line>
      <![CDATA[*** Running test method showAllFlights...]]>
    </line>
    <line>
      <![CDATA[*** Test Suite ShowAllFlight ending ***]]>
    </line>
    <line>
      <![CDATA[*** Test Suite ShowAllFlight ending ***]]>
    </line>
    <line>
      <![CDATA[*** Test Suite ButtonsInModifySearchPage started ***]]>
    </line>
    <line>
      <![CDATA[*** Test Suite ButtonsInModifySearchPage started ***]]>
    </line>
    <line>
      <![CDATA[*** Running test method getButtonDetails...]]>
    </line>
    <line>
      <![CDATA[*** Running test method getButtonDetails...]]>
    </line>
    <line>
      <![CDATA[*** Test Suite ButtonsInModifySearchPage ending ***]]>
    </line>
    <line>
      <![CDATA[*** Test Suite ButtonsInModifySearchPage ending ***]]>
    </line>
    <line>
      <![CDATA[*** Test Suite VoiceOfCustomer started ***]]>
    </line>
    <line>
      <![CDATA[*** Test Suite VoiceOfCustomer started ***]]>
    </line>
    <line>
      <![CDATA[*** Running test method executeVocTc...]]>
    </line>
    <line>
      <![CDATA[*** Running test method executeVocTc...]]>
    </line>
    <line>
      <![CDATA[*** Test Suite VoiceOfCustomer ending ***]]>
    </line>
    <line>
      <![CDATA[*** Test Suite VoiceOfCustomer ending ***]]>
    </line>
    <line>
      <![CDATA[*** Test Suite FilteringSearchResults started ***]]>
    </line>
    <line>
      <![CDATA[*** Test Suite FilteringSearchResults started ***]]>
    </line>
    <line>
      <![CDATA[*** Running test method filterSearch...]]>
    </line>
    <line>
      <![CDATA[*** Running test method filterSearch...]]>
    </line>
    <line>
      <![CDATA[*** Test Suite FilteringSearchResults ending ***]]>
    </line>
    <line>
      <![CDATA[*** Test Suite FilteringSearchResults ending ***]]>
    </line>
    <line>
      <![CDATA[*** Test Suite HomePageLinks started ***]]>
    </line>
    <line>
      <![CDATA[*** Running test method displaylink...]]>
    </line>
    <line>
      <![CDATA[*** Test Suite HomePageLinks ending ***]]>
    </line>
    <line>
      <![CDATA[*** Test Suite SeachingFlightsFromModifySearchPage started ***]]>
    </line>
    <line>
      <![CDATA[*** Test Suite SeachingFlightsFromModifySearchPage started ***]]>
    </line>
    <line>
      <![CDATA[*** Running test method searchFlight...]]>
    </line>
    <line>
      <![CDATA[*** Running test method searchFlight...]]>
    </line>
    <line>
      <![CDATA[*** Test Suite SeachingFlightsFromModifySearchPage ending ***]]>
    </line>
    <line>
      <![CDATA[*** Test Suite SeachingFlightsFromModifySearchPage ending ***]]>
    </line>
    <line>
      <![CDATA[*** Test Suite SearchResultOneWayTrip started ***]]>
    </line>
    <line>
      <![CDATA[*** Running test method SearchOneWayFlight...]]>
    </line>
    <line>
      <![CDATA[*** Test Suite SearchResultOneWayTrip ending ***]]>
    </line>
    <line>
      <![CDATA[*******End of Test Suite***********]]>
    </line>
  </reporter-output>
  <suite started-at="2019-08-26T16:07:29Z" name="Travelomind suite" finished-at="2019-08-26T16:09:05Z" duration-ms="95749">
    <groups>
    </groups>
    <test started-at="2019-08-26T16:07:29Z" name="BookFlight" finished-at="2019-08-26T16:07:59Z" duration-ms="30077">
      <class name="testCases.BookFlight">
        <test-method is-config="true" signature="startDriver()[pri:0, instance:testCases.BookFlight@36bc55de]" started-at="2019-08-26T16:07:29Z" name="startDriver" finished-at="2019-08-26T16:07:55Z" duration-ms="25132" status="PASS">
          <reporter-output>
          </reporter-output>
        </test-method> <!-- startDriver -->
        <test-method signature="bookFlight(java.lang.String, java.lang.String, java.lang.String, java.lang.String, java.lang.String, java.lang.String, java.lang.String, java.lang.String, java.lang.String, java.lang.String, java.lang.String, java.lang.String, java.lang.String, java.lang.String, java.lang.String, java.lang.String, java.lang.String, java.lang.String, java.lang.String)[pri:0, instance:testCases.BookFlight@36bc55de]" started-at="2019-08-26T16:07:55Z" name="bookFlight" data-provider="getdata" finished-at="2019-08-26T16:07:59Z" duration-ms="4772" status="PASS">
          <params>
            <param index="0">
              <value>
                <![CDATA[Partha]]>
              </value>
            </param>
            <param index="1">
              <value>
                <![CDATA[Sen]]>
              </value>
            </param>
            <param index="2">
              <value>
                <![CDATA[Kolkata]]>
              </value>
            </param>
            <param index="3">
              <value>
                <![CDATA[Partha Sen Tinku]]>
              </value>
            </param>
            <param index="4">
              <value>
                <![CDATA[123]]>
              </value>
            </param>
            <param index="5">
              <value>
                <![CDATA[8828162737]]>
              </value>
            </param>
            <param index="6">
              <value>
                <![CDATA[partha.senuwsb@gmail.com]]>
              </value>
            </param>
            <param index="7">
              <value>
                <![CDATA[411111111111111]]>
              </value>
            </param>
            <param index="8">
              <value>
                <![CDATA[Saltlake]]>
              </value>
            </param>
            <param index="9">
              <value>
                <![CDATA[700091]]>
              </value>
            </param>
            <param index="10">
              <value>
                <![CDATA[8828162737]]>
              </value>
            </param>
            <param index="11">
              <value>
                <![CDATA[2: 02]]>
              </value>
            </param>
            <param index="12">
              <value>
                <![CDATA[5: 2023]]>
              </value>
            </param>
            <param index="13">
              <value>
                <![CDATA[1: MALE]]>
              </value>
            </param>
            <param index="14">
              <value>
                <![CDATA[99: Object]]>
              </value>
            </param>
            <param index="15">
              <value>
                <![CDATA[West Bengal]]>
              </value>
            </param>
            <param index="16">
              <value>
                <![CDATA[99: Object]]>
              </value>
            </param>
            <param index="17">
              <value>
                <![CDATA[1992]]>
              </value>
            </param>
            <param index="18">
              <value>
                <![CDATA[10]]>
              </value>
            </param>
          </params>
          <reporter-output>
            <line>
              <![CDATA[*** Running test method bookFlight...]]>
            </line>
            <line>
              <![CDATA[*** Running test method bookFlight...]]>
            </line>
          </reporter-output>
        </test-method> <!-- bookFlight -->
      </class> <!-- testCases.BookFlight -->
    </test> <!-- BookFlight -->
    <test started-at="2019-08-26T16:08:00Z" name="BillingDetail" finished-at="2019-08-26T16:08:03Z" duration-ms="2773">
      <class name="testCases.BillingDetail">
        <test-method is-config="true" signature="startDriver()[pri:0, instance:testCases.BillingDetail@3c19aaa5]" started-at="2019-08-26T16:08:00Z" name="startDriver" finished-at="2019-08-26T16:08:03Z" duration-ms="2567" status="PASS">
          <reporter-output>
          </reporter-output>
        </test-method> <!-- startDriver -->
        <test-method signature="getCountryList()[pri:0, instance:testCases.BillingDetail@3c19aaa5]" started-at="2019-08-26T16:08:03Z" name="getCountryList" finished-at="2019-08-26T16:08:03Z" duration-ms="203" status="PASS">
          <reporter-output>
            <line>
              <![CDATA[*** Running test method getCountryList...]]>
            </line>
            <line>
              <![CDATA[*** Running test method getCountryList...]]>
            </line>
          </reporter-output>
        </test-method> <!-- getCountryList -->
      </class> <!-- testCases.BillingDetail -->
    </test> <!-- BillingDetail -->
    <test started-at="2019-08-26T16:08:04Z" name="ShowAllFlight" finished-at="2019-08-26T16:08:06Z" duration-ms="2285">
      <class name="testCases.ShowAllFlights">
        <test-method is-config="true" signature="startDriver()[pri:0, instance:testCases.ShowAllFlights@689604d9]" started-at="2019-08-26T16:08:04Z" name="startDriver" finished-at="2019-08-26T16:08:05Z" duration-ms="1792" status="PASS">
          <reporter-output>
          </reporter-output>
        </test-method> <!-- startDriver -->
        <test-method signature="showAllFlights()[pri:0, instance:testCases.ShowAllFlights@689604d9]" started-at="2019-08-26T16:08:05Z" name="showAllFlights" finished-at="2019-08-26T16:08:06Z" duration-ms="492" status="PASS">
          <reporter-output>
            <line>
              <![CDATA[*** Running test method showAllFlights...]]>
            </line>
            <line>
              <![CDATA[*** Running test method showAllFlights...]]>
            </line>
          </reporter-output>
        </test-method> <!-- showAllFlights -->
      </class> <!-- testCases.ShowAllFlights -->
    </test> <!-- ShowAllFlight -->
    <test started-at="2019-08-26T16:08:06Z" name="ButtonsInModifySearchPage" finished-at="2019-08-26T16:08:18Z" duration-ms="12295">
      <class name="testCases.ButtonsInModifySearchPageTC">
        <test-method is-config="true" signature="startDriver()[pri:0, instance:testCases.ButtonsInModifySearchPageTC@2a65fe7c]" started-at="2019-08-26T16:08:06Z" name="startDriver" finished-at="2019-08-26T16:08:08Z" duration-ms="1580" status="PASS">
          <reporter-output>
          </reporter-output>
        </test-method> <!-- startDriver -->
        <test-method signature="getButtonDetails()[pri:0, instance:testCases.ButtonsInModifySearchPageTC@2a65fe7c]" started-at="2019-08-26T16:08:08Z" name="getButtonDetails" finished-at="2019-08-26T16:08:18Z" duration-ms="10713" status="PASS">
          <reporter-output>
            <line>
              <![CDATA[*** Running test method getButtonDetails...]]>
            </line>
            <line>
              <![CDATA[*** Running test method getButtonDetails...]]>
            </line>
          </reporter-output>
        </test-method> <!-- getButtonDetails -->
      </class> <!-- testCases.ButtonsInModifySearchPageTC -->
    </test> <!-- ButtonsInModifySearchPage -->
    <test started-at="2019-08-26T16:08:19Z" name="VoiceOfCustomer" finished-at="2019-08-26T16:08:23Z" duration-ms="3895">
      <class name="testCases.VoiceOfCustomerTC">
        <test-method is-config="true" signature="startDriver()[pri:0, instance:testCases.VoiceOfCustomerTC@459e9125]" started-at="2019-08-26T16:08:19Z" name="startDriver" finished-at="2019-08-26T16:08:20Z" duration-ms="1653" status="PASS">
          <reporter-output>
          </reporter-output>
        </test-method> <!-- startDriver -->
        <test-method signature="executeVocTc()[pri:0, instance:testCases.VoiceOfCustomerTC@459e9125]" started-at="2019-08-26T16:08:20Z" name="executeVocTc" finished-at="2019-08-26T16:08:23Z" duration-ms="2240" status="PASS">
          <reporter-output>
            <line>
              <![CDATA[*** Running test method executeVocTc...]]>
            </line>
            <line>
              <![CDATA[*** Running test method executeVocTc...]]>
            </line>
          </reporter-output>
        </test-method> <!-- executeVocTc -->
      </class> <!-- testCases.VoiceOfCustomerTC -->
    </test> <!-- VoiceOfCustomer -->
    <test started-at="2019-08-26T16:08:23Z" name="FilteringSearchResults" finished-at="2019-08-26T16:08:30Z" duration-ms="7481">
      <class name="testCases.FilteringSearchResultsTC">
        <test-method is-config="true" signature="startDriver()[pri:0, instance:testCases.FilteringSearchResultsTC@48f2bd5b]" started-at="2019-08-26T16:08:23Z" name="startDriver" finished-at="2019-08-26T16:08:24Z" duration-ms="1502" status="PASS">
          <reporter-output>
          </reporter-output>
        </test-method> <!-- startDriver -->
        <test-method signature="filterSearch()[pri:0, instance:testCases.FilteringSearchResultsTC@48f2bd5b]" started-at="2019-08-26T16:08:24Z" name="filterSearch" finished-at="2019-08-26T16:08:30Z" duration-ms="5978" status="PASS">
          <reporter-output>
            <line>
              <![CDATA[*** Running test method filterSearch...]]>
            </line>
            <line>
              <![CDATA[*** Running test method filterSearch...]]>
            </line>
          </reporter-output>
        </test-method> <!-- filterSearch -->
      </class> <!-- testCases.FilteringSearchResultsTC -->
    </test> <!-- FilteringSearchResults -->
    <test started-at="2019-08-26T16:08:30Z" name="HomePageLinks" finished-at="2019-08-26T16:08:34Z" duration-ms="3278">
      <class name="testCases.HomePageLinksTC">
        <test-method is-config="true" signature="startDriver()[pri:0, instance:testCases.HomePageLinksTC@235834f2]" started-at="2019-08-26T16:08:30Z" name="startDriver" finished-at="2019-08-26T16:08:32Z" duration-ms="1618" status="PASS">
          <reporter-output>
          </reporter-output>
        </test-method> <!-- startDriver -->
        <test-method signature="displaylink()[pri:0, instance:testCases.HomePageLinksTC@235834f2]" started-at="2019-08-26T16:08:32Z" name="displaylink" finished-at="2019-08-26T16:08:34Z" duration-ms="1659" status="PASS">
          <reporter-output>
            <line>
              <![CDATA[*** Running test method displaylink...]]>
            </line>
          </reporter-output>
        </test-method> <!-- displaylink -->
      </class> <!-- testCases.HomePageLinksTC -->
    </test> <!-- HomePageLinks -->
    <test started-at="2019-08-26T16:08:34Z" name="SeachingFlightsFromModifySearchPage" finished-at="2019-08-26T16:08:43Z" duration-ms="9606">
      <class name="testCases.SeachingFlightsFromModifySearchPageTc">
        <test-method is-config="true" signature="startDriver()[pri:0, instance:testCases.SeachingFlightsFromModifySearchPageTc@5e0e82ae]" started-at="2019-08-26T16:08:34Z" name="startDriver" finished-at="2019-08-26T16:08:35Z" duration-ms="1553" status="PASS">
          <reporter-output>
          </reporter-output>
        </test-method> <!-- startDriver -->
        <test-method signature="searchFlight(java.lang.String, java.lang.String, java.lang.String, java.lang.String, java.lang.String, java.lang.String)[pri:0, instance:testCases.SeachingFlightsFromModifySearchPageTc@5e0e82ae]" started-at="2019-08-26T16:08:35Z" name="searchFlight" data-provider="getdata" finished-at="2019-08-26T16:08:43Z" duration-ms="7139" status="FAIL">
          <params>
            <param index="0">
              <value>
                <![CDATA[New York]]>
              </value>
            </param>
            <param index="1">
              <value>
                <![CDATA[Tokyo all]]>
              </value>
            </param>
            <param index="2">
              <value>
                <![CDATA[10]]>
              </value>
            </param>
            <param index="3">
              <value>
                <![CDATA[2019]]>
              </value>
            </param>
            <param index="4">
              <value>
                <![CDATA[11]]>
              </value>
            </param>
            <param index="5">
              <value>
                <![CDATA[2019]]>
              </value>
            </param>
          </params>
          <exception class="java.lang.AssertionError">
            <message>
              <![CDATA[expected [JFK] but found [NYC]]]>
            </message>
            <full-stacktrace>
              <![CDATA[java.lang.AssertionError: expected [JFK] but found [NYC]
at org.testng.Assert.fail(Assert.java:96)
at org.testng.Assert.failNotEquals(Assert.java:776)
at org.testng.Assert.assertEqualsImpl(Assert.java:137)
at org.testng.Assert.assertEquals(Assert.java:118)
at org.testng.Assert.assertEquals(Assert.java:453)
at org.testng.Assert.assertEquals(Assert.java:463)
at testCases.SeachingFlightsFromModifySearchPageTc.searchFlight(SeachingFlightsFromModifySearchPageTc.java:39)
at java.base/jdk.internal.reflect.NativeMethodAccessorImpl.invoke0(Native Method)
at java.base/jdk.internal.reflect.NativeMethodAccessorImpl.invoke(NativeMethodAccessorImpl.java:62)
at java.base/jdk.internal.reflect.DelegatingMethodAccessorImpl.invoke(DelegatingMethodAccessorImpl.java:43)
at java.base/java.lang.reflect.Method.invoke(Method.java:566)
at org.testng.internal.MethodInvocationHelper.invokeMethod(MethodInvocationHelper.java:124)
at org.testng.internal.Invoker.invokeMethod(Invoker.java:583)
at org.testng.internal.Invoker.invokeTestMethod(Invoker.java:719)
at org.testng.internal.Invoker.invokeTestMethods(Invoker.java:989)
at org.testng.internal.TestMethodWorker.invokeTestMethods(TestMethodWorker.java:125)
at org.testng.internal.TestMethodWorker.run(TestMethodWorker.java:109)
at org.testng.TestRunner.privateRun(TestRunner.java:648)
at org.testng.TestRunner.run(TestRunner.java:505)
at org.testng.SuiteRunner.runTest(SuiteRunner.java:455)
at org.testng.SuiteRunner.runSequentially(SuiteRunner.java:450)
at org.testng.SuiteRunner.privateRun(SuiteRunner.java:415)
at org.testng.SuiteRunner.run(SuiteRunner.java:364)
at org.testng.SuiteRunnerWorker.runSuite(SuiteRunnerWorker.java:52)
at org.testng.SuiteRunnerWorker.run(SuiteRunnerWorker.java:84)
at org.testng.TestNG.runSuitesSequentially(TestNG.java:1208)
at org.testng.TestNG.runSuitesLocally(TestNG.java:1137)
at org.testng.TestNG.runSuites(TestNG.java:1049)
at org.testng.TestNG.run(TestNG.java:1017)
at org.apache.maven.surefire.testng.TestNGExecutor.run(TestNGExecutor.java:178)
at org.apache.maven.surefire.testng.TestNGXmlTestSuite.execute(TestNGXmlTestSuite.java:92)
at org.apache.maven.surefire.testng.TestNGProvider.invoke(TestNGProvider.java:96)
at java.base/jdk.internal.reflect.NativeMethodAccessorImpl.invoke0(Native Method)
at java.base/jdk.internal.reflect.NativeMethodAccessorImpl.invoke(NativeMethodAccessorImpl.java:62)
at java.base/jdk.internal.reflect.DelegatingMethodAccessorImpl.invoke(DelegatingMethodAccessorImpl.java:43)
at java.base/java.lang.reflect.Method.invoke(Method.java:566)
at org.apache.maven.surefire.util.ReflectionUtils.invokeMethodWithArray2(ReflectionUtils.java:208)
at org.apache.maven.surefire.booter.ProviderFactory$ProviderProxy.invoke(ProviderFactory.java:159)
at org.apache.maven.surefire.booter.ProviderFactory.invokeProvider(ProviderFactory.java:87)
at org.apache.maven.surefire.booter.ForkedBooter.runSuitesInProcess(ForkedBooter.java:153)
at org.apache.maven.surefire.booter.ForkedBooter.main(ForkedBooter.java:95)
]]>
            </full-stacktrace>
          </exception> <!-- java.lang.AssertionError -->
          <reporter-output>
            <line>
              <![CDATA[*** Running test method searchFlight...]]>
            </line>
            <line>
              <![CDATA[*** Running test method searchFlight...]]>
            </line>
          </reporter-output>
        </test-method> <!-- searchFlight -->
      </class> <!-- testCases.SeachingFlightsFromModifySearchPageTc -->
    </test> <!-- SeachingFlightsFromModifySearchPage -->
    <test started-at="2019-08-26T16:08:44Z" name="SearchResultOneWayTrip" finished-at="2019-08-26T16:09:05Z" duration-ms="21499">
      <class name="testCases.SearchResultForOneWayTrip">
        <test-method is-config="true" signature="init()[pri:0, instance:testCases.SearchResultForOneWayTrip@13c9d689]" started-at="2019-08-26T16:07:14Z" name="init" finished-at="2019-08-26T16:07:29Z" duration-ms="15409" status="PASS">
          <reporter-output>
          </reporter-output>
        </test-method> <!-- init -->
        <test-method is-config="true" signature="startDriver()[pri:0, instance:testCases.SearchResultForOneWayTrip@13c9d689]" started-at="2019-08-26T16:08:44Z" name="startDriver" finished-at="2019-08-26T16:08:46Z" duration-ms="2343" status="PASS">
          <reporter-output>
          </reporter-output>
        </test-method> <!-- startDriver -->
        <test-method signature="SearchOneWayFlight(java.lang.String, java.lang.String, java.lang.String, java.lang.String)[pri:0, instance:testCases.SearchResultForOneWayTrip@13c9d689]" started-at="2019-08-26T16:08:46Z" name="SearchOneWayFlight" data-provider="getdata" finished-at="2019-08-26T16:09:05Z" duration-ms="19092" status="PASS">
          <params>
            <param index="0">
              <value>
                <![CDATA[New York]]>
              </value>
            </param>
            <param index="1">
              <value>
                <![CDATA[New York]]>
              </value>
            </param>
            <param index="2">
              <value>
                <![CDATA[10]]>
              </value>
            </param>
            <param index="3">
              <value>
                <![CDATA[2019]]>
              </value>
            </param>
          </params>
          <reporter-output>
            <line>
              <![CDATA[*** Running test method SearchOneWayFlight...]]>
            </line>
          </reporter-output>
        </test-method> <!-- SearchOneWayFlight -->
        <test-method is-config="true" signature="quitDriver()[pri:0, instance:testCases.SearchResultForOneWayTrip@13c9d689]" started-at="2019-08-26T16:09:05Z" name="quitDriver" finished-at="2019-08-26T16:09:05Z" duration-ms="1" status="PASS">
          <reporter-output>
            <line>
              <![CDATA[*******End of Test Suite***********]]>
            </line>
          </reporter-output>
        </test-method> <!-- quitDriver -->
      </class> <!-- testCases.SearchResultForOneWayTrip -->
    </test> <!-- SearchResultOneWayTrip -->
  </suite> <!-- Travelomind suite -->
</testng-results>
