<?xml version="1.0" encoding="UTF-8"?>
<testng-results ignored="0" total="9" passed="7" failed="2" skipped="0">
  <reporter-output>
    <line>
      <![CDATA[*** Test Suite BookFlight started ***]]>
    </line>
    <line>
      <![CDATA[*** Test Suite BookFlight started ***]]>
    </line>
    <line>
      <![CDATA[*** Running test method bookFlight...]]>
    </line>
    <line>
      <![CDATA[*** Running test method bookFlight...]]>
    </line>
    <line>
      <![CDATA[*** Test Suite BookFlight ending ***]]>
    </line>
    <line>
      <![CDATA[*** Test Suite BookFlight ending ***]]>
    </line>
    <line>
      <![CDATA[*** Test Suite BillingDetail started ***]]>
    </line>
    <line>
      <![CDATA[*** Test Suite BillingDetail started ***]]>
    </line>
    <line>
      <![CDATA[*** Running test method getCountryList...]]>
    </line>
    <line>
      <![CDATA[*** Running test method getCountryList...]]>
    </line>
    <line>
      <![CDATA[*** Test Suite BillingDetail ending ***]]>
    </line>
    <line>
      <![CDATA[*** Test Suite BillingDetail ending ***]]>
    </line>
    <line>
      <![CDATA[*** Test Suite ShowAllFlight started ***]]>
    </line>
    <line>
      <![CDATA[*** Test Suite ShowAllFlight started ***]]>
    </line>
    <line>
      <![CDATA[*** Running test method showAllFlights...]]>
    </line>
    <line>
      <![CDATA[*** Running test method showAllFlights...]]>
    </line>
    <line>
      <![CDATA[*** Test Suite ShowAllFlight ending ***]]>
    </line>
    <line>
      <![CDATA[*** Test Suite ShowAllFlight ending ***]]>
    </line>
    <line>
      <![CDATA[*** Test Suite ButtonsInModifySearchPage started ***]]>
    </line>
    <line>
      <![CDATA[*** Test Suite ButtonsInModifySearchPage started ***]]>
    </line>
    <line>
      <![CDATA[*** Running test method getButtonDetails...]]>
    </line>
    <line>
      <![CDATA[*** Running test method getButtonDetails...]]>
    </line>
    <line>
      <![CDATA[*** Test Suite ButtonsInModifySearchPage ending ***]]>
    </line>
    <line>
      <![CDATA[*** Test Suite ButtonsInModifySearchPage ending ***]]>
    </line>
    <line>
      <![CDATA[*** Test Suite VoiceOfCustomer started ***]]>
    </line>
    <line>
      <![CDATA[*** Test Suite VoiceOfCustomer started ***]]>
    </line>
    <line>
      <![CDATA[*** Running test method executeVocTc...]]>
    </line>
    <line>
      <![CDATA[*** Running test method executeVocTc...]]>
    </line>
    <line>
      <![CDATA[*** Test Suite VoiceOfCustomer ending ***]]>
    </line>
    <line>
      <![CDATA[*** Test Suite VoiceOfCustomer ending ***]]>
    </line>
    <line>
      <![CDATA[*** Test Suite FilteringSearchResults started ***]]>
    </line>
    <line>
      <![CDATA[*** Test Suite FilteringSearchResults started ***]]>
    </line>
    <line>
      <![CDATA[*** Running test method filterSearch...]]>
    </line>
    <line>
      <![CDATA[*** Running test method filterSearch...]]>
    </line>
    <line>
      <![CDATA[*** Test Suite FilteringSearchResults ending ***]]>
    </line>
    <line>
      <![CDATA[*** Test Suite FilteringSearchResults ending ***]]>
    </line>
    <line>
      <![CDATA[*** Test Suite HomePageLinks started ***]]>
    </line>
    <line>
      <![CDATA[*** Running test method displaylink...]]>
    </line>
    <line>
      <![CDATA[*** Test Suite HomePageLinks ending ***]]>
    </line>
    <line>
      <![CDATA[*** Test Suite SeachingFlightsFromModifySearchPage started ***]]>
    </line>
    <line>
      <![CDATA[*** Test Suite SeachingFlightsFromModifySearchPage started ***]]>
    </line>
    <line>
      <![CDATA[*** Running test method searchFlight...]]>
    </line>
    <line>
      <![CDATA[*** Running test method searchFlight...]]>
    </line>
    <line>
      <![CDATA[*** Test Suite SeachingFlightsFromModifySearchPage ending ***]]>
    </line>
    <line>
      <![CDATA[*** Test Suite SeachingFlightsFromModifySearchPage ending ***]]>
    </line>
    <line>
      <![CDATA[*** Test Suite SearchResultOneWayTrip started ***]]>
    </line>
    <line>
      <![CDATA[*** Running test method SearchOneWayFlight...]]>
    </line>
    <line>
      <![CDATA[*** Test Suite SearchResultOneWayTrip ending ***]]>
    </line>
    <line>
      <![CDATA[*******End of Test Suite***********]]>
    </line>
  </reporter-output>
  <suite started-at="2019-08-23T18:27:28Z" name="Travelomind suite" finished-at="2019-08-23T18:37:05Z" duration-ms="577422">
    <groups>
    </groups>
    <test started-at="2019-08-23T18:27:28Z" name="BookFlight" finished-at="2019-08-23T18:28:08Z" duration-ms="40196">
      <class name="testCases.BookFlight">
        <test-method is-config="true" signature="startDriver()[pri:0, instance:testCases.BookFlight@16022d9d]" started-at="2019-08-23T18:27:28Z" name="startDriver" finished-at="2019-08-23T18:27:36Z" duration-ms="7765" status="PASS">
          <reporter-output>
          </reporter-output>
        </test-method> <!-- startDriver -->
        <test-method signature="bookFlight(java.lang.String, java.lang.String, java.lang.String, java.lang.String, java.lang.String, java.lang.String, java.lang.String, java.lang.String, java.lang.String, java.lang.String, java.lang.String, java.lang.String, java.lang.String, java.lang.String, java.lang.String, java.lang.String, java.lang.String, java.lang.String, java.lang.String)[pri:0, instance:testCases.BookFlight@16022d9d]" started-at="2019-08-23T18:27:36Z" name="bookFlight" data-provider="getdata" finished-at="2019-08-23T18:28:08Z" duration-ms="31955" status="PASS">
          <params>
            <param index="0">
              <value>
                <![CDATA[Partha]]>
              </value>
            </param>
            <param index="1">
              <value>
                <![CDATA[Sen]]>
              </value>
            </param>
            <param index="2">
              <value>
                <![CDATA[Kolkata]]>
              </value>
            </param>
            <param index="3">
              <value>
                <![CDATA[Partha Sen Tinku]]>
              </value>
            </param>
            <param index="4">
              <value>
                <![CDATA[123]]>
              </value>
            </param>
            <param index="5">
              <value>
                <![CDATA[8828162737]]>
              </value>
            </param>
            <param index="6">
              <value>
                <![CDATA[partha.senuwsb@gmail.com]]>
              </value>
            </param>
            <param index="7">
              <value>
                <![CDATA[411111111111111]]>
              </value>
            </param>
            <param index="8">
              <value>
                <![CDATA[Saltlake]]>
              </value>
            </param>
            <param index="9">
              <value>
                <![CDATA[700091]]>
              </value>
            </param>
            <param index="10">
              <value>
                <![CDATA[8828162737]]>
              </value>
            </param>
            <param index="11">
              <value>
                <![CDATA[2: 02]]>
              </value>
            </param>
            <param index="12">
              <value>
                <![CDATA[5: 2023]]>
              </value>
            </param>
            <param index="13">
              <value>
                <![CDATA[1: MALE]]>
              </value>
            </param>
            <param index="14">
              <value>
                <![CDATA[99: Object]]>
              </value>
            </param>
            <param index="15">
              <value>
                <![CDATA[West Bengal]]>
              </value>
            </param>
            <param index="16">
              <value>
                <![CDATA[99: Object]]>
              </value>
            </param>
            <param index="17">
              <value>
                <![CDATA[1992]]>
              </value>
            </param>
            <param index="18">
              <value>
                <![CDATA[10]]>
              </value>
            </param>
          </params>
          <reporter-output>
            <line>
              <![CDATA[*** Running test method bookFlight...]]>
            </line>
            <line>
              <![CDATA[*** Running test method bookFlight...]]>
            </line>
          </reporter-output>
        </test-method> <!-- bookFlight -->
      </class> <!-- testCases.BookFlight -->
    </test> <!-- BookFlight -->
    <test started-at="2019-08-23T18:28:11Z" name="BillingDetail" finished-at="2019-08-23T18:28:40Z" duration-ms="28819">
      <class name="testCases.BillingDetail">
        <test-method is-config="true" signature="startDriver()[pri:0, instance:testCases.BillingDetail@71d15f18]" started-at="2019-08-23T18:28:11Z" name="startDriver" finished-at="2019-08-23T18:28:36Z" duration-ms="24641" status="PASS">
          <reporter-output>
          </reporter-output>
        </test-method> <!-- startDriver -->
        <test-method signature="getCountryList()[pri:0, instance:testCases.BillingDetail@71d15f18]" started-at="2019-08-23T18:28:36Z" name="getCountryList" finished-at="2019-08-23T18:28:40Z" duration-ms="4176" status="PASS">
          <reporter-output>
            <line>
              <![CDATA[*** Running test method getCountryList...]]>
            </line>
            <line>
              <![CDATA[*** Running test method getCountryList...]]>
            </line>
          </reporter-output>
        </test-method> <!-- getCountryList -->
      </class> <!-- testCases.BillingDetail -->
    </test> <!-- BillingDetail -->
    <test started-at="2019-08-23T18:28:40Z" name="ShowAllFlight" finished-at="2019-08-23T18:28:47Z" duration-ms="6809">
      <class name="testCases.ShowAllFlights">
        <test-method is-config="true" signature="startDriver()[pri:0, instance:testCases.ShowAllFlights@2a40cd94]" started-at="2019-08-23T18:28:40Z" name="startDriver" finished-at="2019-08-23T18:28:47Z" duration-ms="6118" status="PASS">
          <reporter-output>
          </reporter-output>
        </test-method> <!-- startDriver -->
        <test-method signature="showAllFlights()[pri:0, instance:testCases.ShowAllFlights@2a40cd94]" started-at="2019-08-23T18:28:47Z" name="showAllFlights" finished-at="2019-08-23T18:28:47Z" duration-ms="689" status="PASS">
          <reporter-output>
            <line>
              <![CDATA[*** Running test method showAllFlights...]]>
            </line>
            <line>
              <![CDATA[*** Running test method showAllFlights...]]>
            </line>
          </reporter-output>
        </test-method> <!-- showAllFlights -->
      </class> <!-- testCases.ShowAllFlights -->
    </test> <!-- ShowAllFlight -->
    <test started-at="2019-08-23T18:28:48Z" name="ButtonsInModifySearchPage" finished-at="2019-08-23T18:29:00Z" duration-ms="12826">
      <class name="testCases.ButtonsInModifySearchPageTC">
        <test-method is-config="true" signature="startDriver()[pri:0, instance:testCases.ButtonsInModifySearchPageTC@2f490758]" started-at="2019-08-23T18:28:48Z" name="startDriver" finished-at="2019-08-23T18:28:50Z" duration-ms="1946" status="PASS">
          <reporter-output>
          </reporter-output>
        </test-method> <!-- startDriver -->
        <test-method signature="getButtonDetails()[pri:0, instance:testCases.ButtonsInModifySearchPageTC@2f490758]" started-at="2019-08-23T18:28:50Z" name="getButtonDetails" finished-at="2019-08-23T18:29:00Z" duration-ms="10877" status="PASS">
          <reporter-output>
            <line>
              <![CDATA[*** Running test method getButtonDetails...]]>
            </line>
            <line>
              <![CDATA[*** Running test method getButtonDetails...]]>
            </line>
          </reporter-output>
        </test-method> <!-- getButtonDetails -->
      </class> <!-- testCases.ButtonsInModifySearchPageTC -->
    </test> <!-- ButtonsInModifySearchPage -->
    <test started-at="2019-08-23T18:29:01Z" name="VoiceOfCustomer" finished-at="2019-08-23T18:29:05Z" duration-ms="4613">
      <class name="testCases.VoiceOfCustomerTC">
        <test-method is-config="true" signature="startDriver()[pri:0, instance:testCases.VoiceOfCustomerTC@7181ae3f]" started-at="2019-08-23T18:29:01Z" name="startDriver" finished-at="2019-08-23T18:29:03Z" duration-ms="1984" status="PASS">
          <reporter-output>
          </reporter-output>
        </test-method> <!-- startDriver -->
        <test-method signature="executeVocTc()[pri:0, instance:testCases.VoiceOfCustomerTC@7181ae3f]" started-at="2019-08-23T18:29:03Z" name="executeVocTc" finished-at="2019-08-23T18:29:05Z" duration-ms="2627" status="PASS">
          <reporter-output>
            <line>
              <![CDATA[*** Running test method executeVocTc...]]>
            </line>
            <line>
              <![CDATA[*** Running test method executeVocTc...]]>
            </line>
          </reporter-output>
        </test-method> <!-- executeVocTc -->
      </class> <!-- testCases.VoiceOfCustomerTC -->
    </test> <!-- VoiceOfCustomer -->
    <test started-at="2019-08-23T18:29:06Z" name="FilteringSearchResults" finished-at="2019-08-23T18:29:38Z" duration-ms="32757">
      <class name="testCases.FilteringSearchResultsTC">
        <test-method is-config="true" signature="startDriver()[pri:0, instance:testCases.FilteringSearchResultsTC@76a4d6c]" started-at="2019-08-23T18:29:06Z" name="startDriver" finished-at="2019-08-23T18:29:07Z" duration-ms="1302" status="PASS">
          <reporter-output>
          </reporter-output>
        </test-method> <!-- startDriver -->
        <test-method signature="filterSearch()[pri:0, instance:testCases.FilteringSearchResultsTC@76a4d6c]" started-at="2019-08-23T18:29:07Z" name="filterSearch" finished-at="2019-08-23T18:29:37Z" duration-ms="30386" status="FAIL">
          <exception class="org.openqa.selenium.NoSuchElementException">
            <message>
              <![CDATA[no such element: Unable to locate element: {"method":"xpath","selector":"//div[@id='collapseAirport']//div[3]"}
  (Session info: chrome=76.0.3809.100)
For documentation on this error, please visit: https://www.seleniumhq.org/exceptions/no_such_element.html
Build info: version: '3.141.59', revision: 'e82be7d358', time: '2018-11-14T08:17:03'
System info: host: 'Y9-TOM-7TH', ip: '172.23.7.24', os.name: 'Windows 10', os.arch: 'amd64', os.version: '10.0', java.version: '12.0.1'
Driver info: org.openqa.selenium.chrome.ChromeDriver
Capabilities {acceptInsecureCerts: false, browserName: chrome, browserVersion: 76.0.3809.100, chrome: {chromedriverVersion: 75.0.3770.90 (a6dcaf7e3ec6f..., userDataDir: C:\Users\XPO8584\AppData\Lo...}, goog:chromeOptions: {debuggerAddress: localhost:56992}, javascriptEnabled: true, networkConnectionEnabled: false, pageLoadStrategy: normal, platform: XP, platformName: XP, proxy: Proxy(), setWindowRect: true, strictFileInteractability: false, timeouts: {implicit: 0, pageLoad: 300000, script: 30000}, unhandledPromptBehavior: dismiss and notify}
Session ID: fbdf366525cddcbccc5b3693f32f7c67
*** Element info: {Using=xpath, value=//div[@id='collapseAirport']//div[3]}]]>
            </message>
            <full-stacktrace>
              <![CDATA[org.openqa.selenium.NoSuchElementException: no such element: Unable to locate element: {"method":"xpath","selector":"//div[@id='collapseAirport']//div[3]"}
  (Session info: chrome=76.0.3809.100)
For documentation on this error, please visit: https://www.seleniumhq.org/exceptions/no_such_element.html
Build info: version: '3.141.59', revision: 'e82be7d358', time: '2018-11-14T08:17:03'
System info: host: 'Y9-TOM-7TH', ip: '172.23.7.24', os.name: 'Windows 10', os.arch: 'amd64', os.version: '10.0', java.version: '12.0.1'
Driver info: org.openqa.selenium.chrome.ChromeDriver
Capabilities {acceptInsecureCerts: false, browserName: chrome, browserVersion: 76.0.3809.100, chrome: {chromedriverVersion: 75.0.3770.90 (a6dcaf7e3ec6f..., userDataDir: C:\Users\XPO8584\AppData\Lo...}, goog:chromeOptions: {debuggerAddress: localhost:56992}, javascriptEnabled: true, networkConnectionEnabled: false, pageLoadStrategy: normal, platform: XP, platformName: XP, proxy: Proxy(), setWindowRect: true, strictFileInteractability: false, timeouts: {implicit: 0, pageLoad: 300000, script: 30000}, unhandledPromptBehavior: dismiss and notify}
Session ID: fbdf366525cddcbccc5b3693f32f7c67
*** Element info: {Using=xpath, value=//div[@id='collapseAirport']//div[3]}
at java.base/jdk.internal.reflect.NativeConstructorAccessorImpl.newInstance0(Native Method)
at java.base/jdk.internal.reflect.NativeConstructorAccessorImpl.newInstance(NativeConstructorAccessorImpl.java:62)
at java.base/jdk.internal.reflect.DelegatingConstructorAccessorImpl.newInstance(DelegatingConstructorAccessorImpl.java:45)
at java.base/java.lang.reflect.Constructor.newInstanceWithCaller(Constructor.java:500)
at java.base/java.lang.reflect.Constructor.newInstance(Constructor.java:481)
at org.openqa.selenium.remote.http.W3CHttpResponseCodec.createException(W3CHttpResponseCodec.java:187)
at org.openqa.selenium.remote.http.W3CHttpResponseCodec.decode(W3CHttpResponseCodec.java:122)
at org.openqa.selenium.remote.http.W3CHttpResponseCodec.decode(W3CHttpResponseCodec.java:49)
at org.openqa.selenium.remote.HttpCommandExecutor.execute(HttpCommandExecutor.java:158)
at org.openqa.selenium.remote.service.DriverCommandExecutor.execute(DriverCommandExecutor.java:83)
at org.openqa.selenium.remote.RemoteWebDriver.execute(RemoteWebDriver.java:552)
at org.openqa.selenium.remote.RemoteWebDriver.findElement(RemoteWebDriver.java:323)
at org.openqa.selenium.remote.RemoteWebDriver.findElementByXPath(RemoteWebDriver.java:428)
at org.openqa.selenium.By$ByXPath.findElement(By.java:353)
at org.openqa.selenium.remote.RemoteWebDriver.findElement(RemoteWebDriver.java:315)
at org.openqa.selenium.support.pagefactory.DefaultElementLocator.findElement(DefaultElementLocator.java:69)
at org.openqa.selenium.support.pagefactory.internal.LocatingElementHandler.invoke(LocatingElementHandler.java:38)
at com.sun.proxy.$Proxy14.findElements(Unknown Source)
at pageObjects.FilterYourPreferences.getDepartingFromAirlineDetails(FilterYourPreferences.java:55)
at testCases.FilteringSearchResultsTC.filterSearch(FilteringSearchResultsTC.java:25)
at java.base/jdk.internal.reflect.NativeMethodAccessorImpl.invoke0(Native Method)
at java.base/jdk.internal.reflect.NativeMethodAccessorImpl.invoke(NativeMethodAccessorImpl.java:62)
at java.base/jdk.internal.reflect.DelegatingMethodAccessorImpl.invoke(DelegatingMethodAccessorImpl.java:43)
at java.base/java.lang.reflect.Method.invoke(Method.java:567)
at org.testng.internal.MethodInvocationHelper.invokeMethod(MethodInvocationHelper.java:124)
at org.testng.internal.Invoker.invokeMethod(Invoker.java:583)
at org.testng.internal.Invoker.invokeTestMethod(Invoker.java:719)
at org.testng.internal.Invoker.invokeTestMethods(Invoker.java:989)
at org.testng.internal.TestMethodWorker.invokeTestMethods(TestMethodWorker.java:125)
at org.testng.internal.TestMethodWorker.run(TestMethodWorker.java:109)
at org.testng.TestRunner.privateRun(TestRunner.java:648)
at org.testng.TestRunner.run(TestRunner.java:505)
at org.testng.SuiteRunner.runTest(SuiteRunner.java:455)
at org.testng.SuiteRunner.runSequentially(SuiteRunner.java:450)
at org.testng.SuiteRunner.privateRun(SuiteRunner.java:415)
at org.testng.SuiteRunner.run(SuiteRunner.java:364)
at org.testng.SuiteRunnerWorker.runSuite(SuiteRunnerWorker.java:52)
at org.testng.SuiteRunnerWorker.run(SuiteRunnerWorker.java:84)
at org.testng.TestNG.runSuitesSequentially(TestNG.java:1208)
at org.testng.TestNG.runSuitesLocally(TestNG.java:1137)
at org.testng.TestNG.runSuites(TestNG.java:1049)
at org.testng.TestNG.run(TestNG.java:1017)
at org.testng.IDEARemoteTestNG.run(IDEARemoteTestNG.java:73)
at org.testng.RemoteTestNGStarter.main(RemoteTestNGStarter.java:123)
]]>
            </full-stacktrace>
          </exception> <!-- org.openqa.selenium.NoSuchElementException -->
          <reporter-output>
            <line>
              <![CDATA[*** Running test method filterSearch...]]>
            </line>
            <line>
              <![CDATA[*** Running test method filterSearch...]]>
            </line>
          </reporter-output>
        </test-method> <!-- filterSearch -->
      </class> <!-- testCases.FilteringSearchResultsTC -->
    </test> <!-- FilteringSearchResults -->
    <test started-at="2019-08-23T18:29:39Z" name="HomePageLinks" finished-at="2019-08-23T18:29:44Z" duration-ms="5306">
      <class name="testCases.HomePageLinksTC">
        <test-method is-config="true" signature="startDriver()[pri:0, instance:testCases.HomePageLinksTC@799d4f69]" started-at="2019-08-23T18:29:39Z" name="startDriver" finished-at="2019-08-23T18:29:42Z" duration-ms="3145" status="PASS">
          <reporter-output>
          </reporter-output>
        </test-method> <!-- startDriver -->
        <test-method signature="displaylink()[pri:0, instance:testCases.HomePageLinksTC@799d4f69]" started-at="2019-08-23T18:29:42Z" name="displaylink" finished-at="2019-08-23T18:29:44Z" duration-ms="2161" status="PASS">
          <reporter-output>
            <line>
              <![CDATA[*** Running test method displaylink...]]>
            </line>
          </reporter-output>
        </test-method> <!-- displaylink -->
      </class> <!-- testCases.HomePageLinksTC -->
    </test> <!-- HomePageLinks -->
    <test started-at="2019-08-23T18:29:44Z" name="SeachingFlightsFromModifySearchPage" finished-at="2019-08-23T18:33:19Z" duration-ms="214480">
      <class name="testCases.SeachingFlightsFromModifySearchPageTc">
        <test-method is-config="true" signature="startDriver()[pri:0, instance:testCases.SeachingFlightsFromModifySearchPageTc@32a068d1]" started-at="2019-08-23T18:29:44Z" name="startDriver" finished-at="2019-08-23T18:29:45Z" duration-ms="1280" status="PASS">
          <reporter-output>
          </reporter-output>
        </test-method> <!-- startDriver -->
        <test-method signature="searchFlight(java.lang.String, java.lang.String, java.lang.String, java.lang.String, java.lang.String, java.lang.String)[pri:0, instance:testCases.SeachingFlightsFromModifySearchPageTc@32a068d1]" started-at="2019-08-23T18:29:45Z" name="searchFlight" data-provider="getdata" finished-at="2019-08-23T18:33:19Z" duration-ms="213120" status="PASS">
          <params>
            <param index="0">
              <value>
                <![CDATA[New York]]>
              </value>
            </param>
            <param index="1">
              <value>
                <![CDATA[Tokyo all]]>
              </value>
            </param>
            <param index="2">
              <value>
                <![CDATA[10]]>
              </value>
            </param>
            <param index="3">
              <value>
                <![CDATA[2019]]>
              </value>
            </param>
            <param index="4">
              <value>
                <![CDATA[11]]>
              </value>
            </param>
            <param index="5">
              <value>
                <![CDATA[2019]]>
              </value>
            </param>
          </params>
          <reporter-output>
            <line>
              <![CDATA[*** Running test method searchFlight...]]>
            </line>
            <line>
              <![CDATA[*** Running test method searchFlight...]]>
            </line>
          </reporter-output>
        </test-method> <!-- searchFlight -->
      </class> <!-- testCases.SeachingFlightsFromModifySearchPageTc -->
    </test> <!-- SeachingFlightsFromModifySearchPage -->
    <test started-at="2019-08-23T18:33:19Z" name="SearchResultOneWayTrip" finished-at="2019-08-23T18:37:05Z" duration-ms="226257">
      <class name="testCases.SearchResultForOneWayTrip">
        <test-method is-config="true" signature="init()[pri:0, instance:testCases.SearchResultForOneWayTrip@76329302]" started-at="2019-08-23T18:26:35Z" name="init" finished-at="2019-08-23T18:27:28Z" duration-ms="52580" status="PASS">
          <reporter-output>
          </reporter-output>
        </test-method> <!-- init -->
        <test-method is-config="true" signature="startDriver()[pri:0, instance:testCases.SearchResultForOneWayTrip@76329302]" started-at="2019-08-23T18:33:19Z" name="startDriver" finished-at="2019-08-23T18:33:21Z" duration-ms="2439" status="PASS">
          <reporter-output>
          </reporter-output>
        </test-method> <!-- startDriver -->
        <test-method signature="SearchOneWayFlight(java.lang.String, java.lang.String, java.lang.String, java.lang.String)[pri:0, instance:testCases.SearchResultForOneWayTrip@76329302]" started-at="2019-08-23T18:33:21Z" name="SearchOneWayFlight" data-provider="getdata" finished-at="2019-08-23T18:37:04Z" duration-ms="222991" status="FAIL">
          <params>
            <param index="0">
              <value>
                <![CDATA[New York]]>
              </value>
            </param>
            <param index="1">
              <value>
                <![CDATA[New York]]>
              </value>
            </param>
            <param index="2">
              <value>
                <![CDATA[10]]>
              </value>
            </param>
            <param index="3">
              <value>
                <![CDATA[2019]]>
              </value>
            </param>
          </params>
          <exception class="org.openqa.selenium.TimeoutException">
            <message>
              <![CDATA[Expected condition failed: waiting for element to be clickable: Proxy element for: DefaultElementLocator 'By.xpath: //span[contains(text(),'All Results')]' (tried for 180 second(s) with 500 milliseconds interval)]]>
            </message>
            <full-stacktrace>
              <![CDATA[org.openqa.selenium.TimeoutException: Expected condition failed: waiting for element to be clickable: Proxy element for: DefaultElementLocator 'By.xpath: //span[contains(text(),'All Results')]' (tried for 180 second(s) with 500 milliseconds interval)
at org.openqa.selenium.support.ui.WebDriverWait.timeoutException(WebDriverWait.java:95)
at org.openqa.selenium.support.ui.FluentWait.until(FluentWait.java:272)
at pageObjects.ModifySearch.selectOriginPlace(ModifySearch.java:164)
at testCases.SearchResultForOneWayTrip.SearchOneWayFlight(SearchResultForOneWayTrip.java:34)
at java.base/jdk.internal.reflect.NativeMethodAccessorImpl.invoke0(Native Method)
at java.base/jdk.internal.reflect.NativeMethodAccessorImpl.invoke(NativeMethodAccessorImpl.java:62)
at java.base/jdk.internal.reflect.DelegatingMethodAccessorImpl.invoke(DelegatingMethodAccessorImpl.java:43)
at java.base/java.lang.reflect.Method.invoke(Method.java:567)
at org.testng.internal.MethodInvocationHelper.invokeMethod(MethodInvocationHelper.java:124)
at org.testng.internal.Invoker.invokeMethod(Invoker.java:583)
at org.testng.internal.Invoker.invokeTestMethod(Invoker.java:719)
at org.testng.internal.Invoker.invokeTestMethods(Invoker.java:989)
at org.testng.internal.TestMethodWorker.invokeTestMethods(TestMethodWorker.java:125)
at org.testng.internal.TestMethodWorker.run(TestMethodWorker.java:109)
at org.testng.TestRunner.privateRun(TestRunner.java:648)
at org.testng.TestRunner.run(TestRunner.java:505)
at org.testng.SuiteRunner.runTest(SuiteRunner.java:455)
at org.testng.SuiteRunner.runSequentially(SuiteRunner.java:450)
at org.testng.SuiteRunner.privateRun(SuiteRunner.java:415)
at org.testng.SuiteRunner.run(SuiteRunner.java:364)
at org.testng.SuiteRunnerWorker.runSuite(SuiteRunnerWorker.java:52)
at org.testng.SuiteRunnerWorker.run(SuiteRunnerWorker.java:84)
at org.testng.TestNG.runSuitesSequentially(TestNG.java:1208)
at org.testng.TestNG.runSuitesLocally(TestNG.java:1137)
at org.testng.TestNG.runSuites(TestNG.java:1049)
at org.testng.TestNG.run(TestNG.java:1017)
at org.testng.IDEARemoteTestNG.run(IDEARemoteTestNG.java:73)
at org.testng.RemoteTestNGStarter.main(RemoteTestNGStarter.java:123)
Caused by: org.openqa.selenium.NoSuchElementException: no such element: Unable to locate element: {"method":"xpath","selector":"//span[contains(text(),'All Results')]"}
  (Session info: chrome=76.0.3809.100)
For documentation on this error, please visit: https://www.seleniumhq.org/exceptions/no_such_element.html
Build info: version: '3.141.59', revision: 'e82be7d358', time: '2018-11-14T08:17:03'
System info: host: 'Y9-TOM-7TH', ip: '172.23.7.24', os.name: 'Windows 10', os.arch: 'amd64', os.version: '10.0', java.version: '12.0.1'
Driver info: org.openqa.selenium.chrome.ChromeDriver
Capabilities {acceptInsecureCerts: false, browserName: chrome, browserVersion: 76.0.3809.100, chrome: {chromedriverVersion: 75.0.3770.90 (a6dcaf7e3ec6f..., userDataDir: C:\Users\XPO8584\AppData\Lo...}, goog:chromeOptions: {debuggerAddress: localhost:56992}, javascriptEnabled: true, networkConnectionEnabled: false, pageLoadStrategy: normal, platform: XP, platformName: XP, proxy: Proxy(), setWindowRect: true, strictFileInteractability: false, timeouts: {implicit: 0, pageLoad: 300000, script: 30000}, unhandledPromptBehavior: dismiss and notify}
Session ID: fbdf366525cddcbccc5b3693f32f7c67
*** Element info: {Using=xpath, value=//span[contains(text(),'All Results')]}
at java.base/jdk.internal.reflect.NativeConstructorAccessorImpl.newInstance0(Native Method)
at java.base/jdk.internal.reflect.NativeConstructorAccessorImpl.newInstance(NativeConstructorAccessorImpl.java:62)
at java.base/jdk.internal.reflect.DelegatingConstructorAccessorImpl.newInstance(DelegatingConstructorAccessorImpl.java:45)
at java.base/java.lang.reflect.Constructor.newInstanceWithCaller(Constructor.java:500)
at java.base/java.lang.reflect.Constructor.newInstance(Constructor.java:481)
at org.openqa.selenium.remote.http.W3CHttpResponseCodec.createException(W3CHttpResponseCodec.java:187)
at org.openqa.selenium.remote.http.W3CHttpResponseCodec.decode(W3CHttpResponseCodec.java:122)
at org.openqa.selenium.remote.http.W3CHttpResponseCodec.decode(W3CHttpResponseCodec.java:49)
at org.openqa.selenium.remote.HttpCommandExecutor.execute(HttpCommandExecutor.java:158)
at org.openqa.selenium.remote.service.DriverCommandExecutor.execute(DriverCommandExecutor.java:83)
at org.openqa.selenium.remote.RemoteWebDriver.execute(RemoteWebDriver.java:552)
at org.openqa.selenium.remote.RemoteWebDriver.findElement(RemoteWebDriver.java:323)
at org.openqa.selenium.remote.RemoteWebDriver.findElementByXPath(RemoteWebDriver.java:428)
at org.openqa.selenium.By$ByXPath.findElement(By.java:353)
at org.openqa.selenium.remote.RemoteWebDriver.findElement(RemoteWebDriver.java:315)
at org.openqa.selenium.support.pagefactory.DefaultElementLocator.findElement(DefaultElementLocator.java:69)
at org.openqa.selenium.support.pagefactory.internal.LocatingElementHandler.invoke(LocatingElementHandler.java:38)
at com.sun.proxy.$Proxy14.isDisplayed(Unknown Source)
at org.openqa.selenium.support.ui.ExpectedConditions.elementIfVisible(ExpectedConditions.java:314)
at org.openqa.selenium.support.ui.ExpectedConditions.access$000(ExpectedConditions.java:43)
at org.openqa.selenium.support.ui.ExpectedConditions$10.apply(ExpectedConditions.java:300)
at org.openqa.selenium.support.ui.ExpectedConditions$10.apply(ExpectedConditions.java:297)
at org.openqa.selenium.support.ui.ExpectedConditions$23.apply(ExpectedConditions.java:670)
at org.openqa.selenium.support.ui.ExpectedConditions$23.apply(ExpectedConditions.java:666)
at org.openqa.selenium.support.ui.FluentWait.until(FluentWait.java:249)
... 26 more
]]>
            </full-stacktrace>
          </exception> <!-- org.openqa.selenium.TimeoutException -->
          <reporter-output>
            <line>
              <![CDATA[*** Running test method SearchOneWayFlight...]]>
            </line>
          </reporter-output>
        </test-method> <!-- SearchOneWayFlight -->
        <test-method is-config="true" signature="quitDriver()[pri:0, instance:testCases.SearchResultForOneWayTrip@76329302]" started-at="2019-08-23T18:37:05Z" name="quitDriver" finished-at="2019-08-23T18:37:05Z" duration-ms="1" status="PASS">
          <reporter-output>
            <line>
              <![CDATA[*******End of Test Suite***********]]>
            </line>
          </reporter-output>
        </test-method> <!-- quitDriver -->
      </class> <!-- testCases.SearchResultForOneWayTrip -->
    </test> <!-- SearchResultOneWayTrip -->
  </suite> <!-- Travelomind suite -->
</testng-results>
