<?xml version="1.0" encoding="UTF-8"?>
<!-- Generated by org.testng.reporters.JUnitReportReporter -->
<testsuite hostname="Y9-TOM-7TH" failures="0" tests="1" name="dd_core.testCore" time="18.135" errors="1" timestamp="06 Sep 2019 13:55:15 GMT" skipped="0">
  <testcase classname="dd_core.testCore" name="init" time="18.135">
    <error message="session not created
from chrome not reachable
  (Session info: chrome=76.0.3809.132)
Build info: version: &#039;3.141.59&#039;, revision: &#039;e82be7d358&#039;, time: &#039;2018-11-14T08:17:03&#039;
System info: host: &#039;Y9-TOM-7TH&#039;, ip: &#039;172.23.7.24&#039;, os.name: &#039;Windows 10&#039;, os.arch: &#039;amd64&#039;, os.version: &#039;10.0&#039;, java.version: &#039;11.0.4&#039;
Driver info: driver.version: ChromeDriver
remote stacktrace: Backtrace:
	Ordinal0 [0x00DD1B23+1448739]
	Ordinal0 [0x00D55A11+940561]
	Ordinal0 [0x00CE213C+467260]
	Ordinal0 [0x00CDBB2E+441134]
	Ordinal0 [0x00CDC1C8+442824]
	Ordinal0 [0x00CDD275+447093]
	Ordinal0 [0x00CD9515+431381]
	Ordinal0 [0x00CE2EF0+470768]
	Ordinal0 [0x00C994CE+169166]
	Ordinal0 [0x00C988ED+166125]
	Ordinal0 [0x00C96FFB+159739]
	Ordinal0 [0x00C809F6+68086]
	Ordinal0 [0x00C81990+72080]
	Ordinal0 [0x00C81929+71977]
	GetHandleVerifier [0x00F12E4C+1172140]
	GetHandleVerifier [0x00E6FE35+504469]
	GetHandleVerifier [0x00E6FBD0+503856]
	Ordinal0 [0x00DDC9A8+1493416]
	GetHandleVerifier [0x00E7060A+506474]
	Ordinal0 [0x00D67136+1012022]
	Ordinal0 [0x00D66FAF+1011631]
	Ordinal0 [0x00D7133B+1053499]
	Ordinal0 [0x00D714A3+1053859]
	Ordinal0 [0x00D704D5+1049813]
	BaseThreadInitThunk [0x75E56359+25]
	RtlGetAppContainerNamedObjectPath [0x778A7A94+228]
	RtlGetAppContainerNamedObjectPath [0x778A7A64+180]
" type="org.openqa.selenium.SessionNotCreatedException">
      <![CDATA[org.openqa.selenium.SessionNotCreatedException: session not created
from chrome not reachable
  (Session info: chrome=76.0.3809.132)
Build info: version: '3.141.59', revision: 'e82be7d358', time: '2018-11-14T08:17:03'
System info: host: 'Y9-TOM-7TH', ip: '172.23.7.24', os.name: 'Windows 10', os.arch: 'amd64', os.version: '10.0', java.version: '11.0.4'
Driver info: driver.version: ChromeDriver
remote stacktrace: Backtrace:
Ordinal0 [0x00DD1B23+1448739]
Ordinal0 [0x00D55A11+940561]
Ordinal0 [0x00CE213C+467260]
Ordinal0 [0x00CDBB2E+441134]
Ordinal0 [0x00CDC1C8+442824]
Ordinal0 [0x00CDD275+447093]
Ordinal0 [0x00CD9515+431381]
Ordinal0 [0x00CE2EF0+470768]
Ordinal0 [0x00C994CE+169166]
Ordinal0 [0x00C988ED+166125]
Ordinal0 [0x00C96FFB+159739]
Ordinal0 [0x00C809F6+68086]
Ordinal0 [0x00C81990+72080]
Ordinal0 [0x00C81929+71977]
GetHandleVerifier [0x00F12E4C+1172140]
GetHandleVerifier [0x00E6FE35+504469]
GetHandleVerifier [0x00E6FBD0+503856]
Ordinal0 [0x00DDC9A8+1493416]
GetHandleVerifier [0x00E7060A+506474]
Ordinal0 [0x00D67136+1012022]
Ordinal0 [0x00D66FAF+1011631]
Ordinal0 [0x00D7133B+1053499]
Ordinal0 [0x00D714A3+1053859]
Ordinal0 [0x00D704D5+1049813]
BaseThreadInitThunk [0x75E56359+25]
RtlGetAppContainerNamedObjectPath [0x778A7A94+228]
RtlGetAppContainerNamedObjectPath [0x778A7A64+180]

at java.base/jdk.internal.reflect.NativeConstructorAccessorImpl.newInstance0(Native Method)
at java.base/jdk.internal.reflect.NativeConstructorAccessorImpl.newInstance(NativeConstructorAccessorImpl.java:62)
at java.base/jdk.internal.reflect.DelegatingConstructorAccessorImpl.newInstance(DelegatingConstructorAccessorImpl.java:45)
at java.base/java.lang.reflect.Constructor.newInstance(Constructor.java:490)
at org.openqa.selenium.remote.W3CHandshakeResponse.lambda$errorHandler$0(W3CHandshakeResponse.java:62)
at org.openqa.selenium.remote.HandshakeResponse.lambda$getResponseFunction$0(HandshakeResponse.java:30)
at org.openqa.selenium.remote.ProtocolHandshake.lambda$createSession$0(ProtocolHandshake.java:126)
at java.base/java.util.stream.ReferencePipeline$3$1.accept(ReferencePipeline.java:195)
at java.base/java.util.Spliterators$ArraySpliterator.tryAdvance(Spliterators.java:958)
at java.base/java.util.stream.ReferencePipeline.forEachWithCancel(ReferencePipeline.java:127)
at java.base/java.util.stream.AbstractPipeline.copyIntoWithCancel(AbstractPipeline.java:502)
at java.base/java.util.stream.AbstractPipeline.copyInto(AbstractPipeline.java:488)
at java.base/java.util.stream.AbstractPipeline.wrapAndCopyInto(AbstractPipeline.java:474)
at java.base/java.util.stream.FindOps$FindOp.evaluateSequential(FindOps.java:150)
at java.base/java.util.stream.AbstractPipeline.evaluate(AbstractPipeline.java:234)
at java.base/java.util.stream.ReferencePipeline.findFirst(ReferencePipeline.java:543)
at org.openqa.selenium.remote.ProtocolHandshake.createSession(ProtocolHandshake.java:128)
at org.openqa.selenium.remote.ProtocolHandshake.createSession(ProtocolHandshake.java:74)
at org.openqa.selenium.remote.HttpCommandExecutor.execute(HttpCommandExecutor.java:136)
at org.openqa.selenium.remote.service.DriverCommandExecutor.execute(DriverCommandExecutor.java:83)
at org.openqa.selenium.remote.RemoteWebDriver.execute(RemoteWebDriver.java:552)
at org.openqa.selenium.remote.RemoteWebDriver.startSession(RemoteWebDriver.java:213)
at org.openqa.selenium.remote.RemoteWebDriver.<init>(RemoteWebDriver.java:131)
at org.openqa.selenium.chrome.ChromeDriver.<init>(ChromeDriver.java:181)
at org.openqa.selenium.chrome.ChromeDriver.<init>(ChromeDriver.java:168)
at org.openqa.selenium.chrome.ChromeDriver.<init>(ChromeDriver.java:123)
at dd_core.testCore.init(testCore.java:74)
at java.base/jdk.internal.reflect.NativeMethodAccessorImpl.invoke0(Native Method)
at java.base/jdk.internal.reflect.NativeMethodAccessorImpl.invoke(NativeMethodAccessorImpl.java:62)
at java.base/jdk.internal.reflect.DelegatingMethodAccessorImpl.invoke(DelegatingMethodAccessorImpl.java:43)
at java.base/java.lang.reflect.Method.invoke(Method.java:566)
at org.testng.internal.MethodInvocationHelper.invokeMethod(MethodInvocationHelper.java:124)
at org.testng.internal.MethodInvocationHelper.invokeMethodConsideringTimeout(MethodInvocationHelper.java:59)
at org.testng.internal.Invoker.invokeConfigurationMethod(Invoker.java:458)
at org.testng.internal.Invoker.invokeConfigurations(Invoker.java:222)
at org.testng.internal.Invoker.invokeConfigurations(Invoker.java:142)
at org.testng.SuiteRunner.privateRun(SuiteRunner.java:401)
at org.testng.SuiteRunner.run(SuiteRunner.java:364)
at org.testng.SuiteRunnerWorker.runSuite(SuiteRunnerWorker.java:52)
at org.testng.SuiteRunnerWorker.run(SuiteRunnerWorker.java:84)
at org.testng.TestNG.runSuitesSequentially(TestNG.java:1208)
at org.testng.TestNG.runSuitesLocally(TestNG.java:1137)
at org.testng.TestNG.runSuites(TestNG.java:1049)
at org.testng.TestNG.run(TestNG.java:1017)
at org.testng.IDEARemoteTestNG.run(IDEARemoteTestNG.java:73)
at org.testng.RemoteTestNGStarter.main(RemoteTestNGStarter.java:123)
]]>
    </error>
  </testcase> <!-- init -->
</testsuite> <!-- dd_core.testCore -->
